Log Name:      Security
Source:        Microsoft-Windows-Security-Auditing
Date:          3/22/2026 2:52:13 PM
Event ID:      4625
Task Category: Logon
Level:         Information
Keywords:      Audit Failure
User:          N/A
Computer:      MATHE
Description:
An account failed to log on.

Subject:
	Security ID:		MATHE\BM SARL
	Account Name:		BM SARL
	Account Domain:		MATHE
	Logon ID:		0xBC1D7

Logon Type:			2

Account For Which Logon Failed:
	Security ID:		NULL SID
	Account Name:		FakeUser
	Account Domain:		MATHE

Failure Information:
	Failure Reason:		Unknown user name or bad password.
	Status:			0xC000006D
	Sub Status:		0xC0000064

Process Information:
	Caller Process ID:	0x329c
	Caller Process Name:	C:\Windows\System32\svchost.exe

Network Information:
	Workstation Name:	MATHE
	Source Network Address:	::1
	Source Port:		0

Detailed Authentication Information:
	Logon Process:		seclogo
	Authentication Package:	Negotiate
	Transited Services:	-
	Package Name (NTLM only):	-
	Key Length:		0

This event is generated when a logon request fails. It is generated on the computer where access was attempted.

The Subject fields indicate the account on the local system which requested the logon. This is most commonly a service such as the Server service, or a local process such as Winlogon.exe or Services.exe.

The Logon Type field indicates the kind of logon that was requested. The most common types are 2 (interactive) and 3 (network).

The Process Information fields indicate which account and process on the system requested the logon.

The Network Information fields indicate where a remote logon request originated. Workstation name is not always available and may be left blank in some cases.

The authentication information fields provide detailed information about this specific logon request.
	- Transited services indicate which intermediate services have participated in this logon request.
	- Package name indicates which sub-protocol was used among the NTLM protocols.
	- Key length indicates the length of the generated session key. This will be 0 if no session key was requested.
Event Xml:
<Event xmlns="http://schemas.microsoft.com/win/2004/08/events/event">
  <System>
    <Provider Name="Microsoft-Windows-Security-Auditing" Guid="{54849625-5478-4994-a5ba-3e3b0328c30d}" />
    <EventID>4625</EventID>
    <Version>0</Version>
    <Level>0</Level>
    <Task>12544</Task>
    <Opcode>0</Opcode>
    <Keywords>0x8010000000000000</Keywords>
    <TimeCreated SystemTime="2026-03-22T13:52:13.1150140Z" />
    <EventRecordID>452645</EventRecordID>
    <Correlation ActivityID="{efa12ba3-b1a0-0002-702c-a1efa0b1dc01}" />
    <Execution ProcessID="1120" ThreadID="1212" />
    <Channel>Security</Channel>
    <Computer>MATHE</Computer>
    <Security />
  </System>
  <EventData>
    <Data Name="SubjectUserSid">S-1-5-21-4172443309-556398452-3907875598-1000</Data>
    <Data Name="SubjectUserName">BM SARL</Data>
    <Data Name="SubjectDomainName">MATHE</Data>
    <Data Name="SubjectLogonId">0xbc1d7</Data>
    <Data Name="TargetUserSid">S-1-0-0</Data>
    <Data Name="TargetUserName">FakeUser</Data>
    <Data Name="TargetDomainName">MATHE</Data>
    <Data Name="Status">0xc000006d</Data>
    <Data Name="FailureReason">%%2313</Data>
    <Data Name="SubStatus">0xc0000064</Data>
    <Data Name="LogonType">2</Data>
    <Data Name="LogonProcessName">seclogo</Data>
    <Data Name="AuthenticationPackageName">Negotiate</Data>
    <Data Name="WorkstationName">MATHE</Data>
    <Data Name="TransmittedServices">-</Data>
    <Data Name="LmPackageName">-</Data>
    <Data Name="KeyLength">0</Data>
    <Data Name="ProcessId">0x329c</Data>
    <Data Name="ProcessName">C:\Windows\System32\svchost.exe</Data>
    <Data Name="IpAddress">::1</Data>
    <Data Name="IpPort">0</Data>
  </EventData>
</Event>
Log Name:      Security
Source:        Microsoft-Windows-Security-Auditing
Date:          3/22/2026 2:52:06 PM
Event ID:      4625
Task Category: Logon
Level:         Information
Keywords:      Audit Failure
User:          N/A
Computer:      MATHE
Description:
An account failed to log on.

Subject:
	Security ID:		MATHE\BM SARL
	Account Name:		BM SARL
	Account Domain:		MATHE
	Logon ID:		0xBC1D7

Logon Type:			2

Account For Which Logon Failed:
	Security ID:		NULL SID
	Account Name:		FakeUser
	Account Domain:		MATHE

Failure Information:
	Failure Reason:		Unknown user name or bad password.
	Status:			0xC000006D
	Sub Status:		0xC0000064

Process Information:
	Caller Process ID:	0x329c
	Caller Process Name:	C:\Windows\System32\svchost.exe

Network Information:
	Workstation Name:	MATHE
	Source Network Address:	::1
	Source Port:		0

Detailed Authentication Information:
	Logon Process:		seclogo
	Authentication Package:	Negotiate
	Transited Services:	-
	Package Name (NTLM only):	-
	Key Length:		0

This event is generated when a logon request fails. It is generated on the computer where access was attempted.

The Subject fields indicate the account on the local system which requested the logon. This is most commonly a service such as the Server service, or a local process such as Winlogon.exe or Services.exe.

The Logon Type field indicates the kind of logon that was requested. The most common types are 2 (interactive) and 3 (network).

The Process Information fields indicate which account and process on the system requested the logon.

The Network Information fields indicate where a remote logon request originated. Workstation name is not always available and may be left blank in some cases.

The authentication information fields provide detailed information about this specific logon request.
	- Transited services indicate which intermediate services have participated in this logon request.
	- Package name indicates which sub-protocol was used among the NTLM protocols.
	- Key length indicates the length of the generated session key. This will be 0 if no session key was requested.
Event Xml:
<Event xmlns="http://schemas.microsoft.com/win/2004/08/events/event">
  <System>
    <Provider Name="Microsoft-Windows-Security-Auditing" Guid="{54849625-5478-4994-a5ba-3e3b0328c30d}" />
    <EventID>4625</EventID>
    <Version>0</Version>
    <Level>0</Level>
    <Task>12544</Task>
    <Opcode>0</Opcode>
    <Keywords>0x8010000000000000</Keywords>
    <TimeCreated SystemTime="2026-03-22T13:52:06.6875855Z" />
    <EventRecordID>452643</EventRecordID>
    <Correlation ActivityID="{efa12ba3-b1a0-0002-702c-a1efa0b1dc01}" />
    <Execution ProcessID="1120" ThreadID="1212" />
    <Channel>Security</Channel>
    <Computer>MATHE</Computer>
    <Security />
  </System>
  <EventData>
    <Data Name="SubjectUserSid">S-1-5-21-4172443309-556398452-3907875598-1000</Data>
    <Data Name="SubjectUserName">BM SARL</Data>
    <Data Name="SubjectDomainName">MATHE</Data>
    <Data Name="SubjectLogonId">0xbc1d7</Data>
    <Data Name="TargetUserSid">S-1-0-0</Data>
    <Data Name="TargetUserName">FakeUser</Data>
    <Data Name="TargetDomainName">MATHE</Data>
    <Data Name="Status">0xc000006d</Data>
    <Data Name="FailureReason">%%2313</Data>
    <Data Name="SubStatus">0xc0000064</Data>
    <Data Name="LogonType">2</Data>
    <Data Name="LogonProcessName">seclogo</Data>
    <Data Name="AuthenticationPackageName">Negotiate</Data>
    <Data Name="WorkstationName">MATHE</Data>
    <Data Name="TransmittedServices">-</Data>
    <Data Name="LmPackageName">-</Data>
    <Data Name="KeyLength">0</Data>
    <Data Name="ProcessId">0x329c</Data>
    <Data Name="ProcessName">C:\Windows\System32\svchost.exe</Data>
    <Data Name="IpAddress">::1</Data>
    <Data Name="IpPort">0</Data>
  </EventData>
</Event>
Log Name:      Security
Source:        Microsoft-Windows-Security-Auditing
Date:          3/22/2026 2:51:52 PM
Event ID:      4625
Task Category: Logon
Level:         Information
Keywords:      Audit Failure
User:          N/A
Computer:      MATHE
Description:
An account failed to log on.

Subject:
	Security ID:		MATHE\BM SARL
	Account Name:		BM SARL
	Account Domain:		MATHE
	Logon ID:		0xBC1D7

Logon Type:			2

Account For Which Logon Failed:
	Security ID:		NULL SID
	Account Name:		FakeUser
	Account Domain:		MATHE

Failure Information:
	Failure Reason:		Unknown user name or bad password.
	Status:			0xC000006D
	Sub Status:		0xC0000064

Process Information:
	Caller Process ID:	0x329c
	Caller Process Name:	C:\Windows\System32\svchost.exe

Network Information:
	Workstation Name:	MATHE
	Source Network Address:	::1
	Source Port:		0

Detailed Authentication Information:
	Logon Process:		seclogo
	Authentication Package:	Negotiate
	Transited Services:	-
	Package Name (NTLM only):	-
	Key Length:		0

This event is generated when a logon request fails. It is generated on the computer where access was attempted.

The Subject fields indicate the account on the local system which requested the logon. This is most commonly a service such as the Server service, or a local process such as Winlogon.exe or Services.exe.

The Logon Type field indicates the kind of logon that was requested. The most common types are 2 (interactive) and 3 (network).

The Process Information fields indicate which account and process on the system requested the logon.

The Network Information fields indicate where a remote logon request originated. Workstation name is not always available and may be left blank in some cases.

The authentication information fields provide detailed information about this specific logon request.
	- Transited services indicate which intermediate services have participated in this logon request.
	- Package name indicates which sub-protocol was used among the NTLM protocols.
	- Key length indicates the length of the generated session key. This will be 0 if no session key was requested.
Event Xml:
<Event xmlns="http://schemas.microsoft.com/win/2004/08/events/event">
  <System>
    <Provider Name="Microsoft-Windows-Security-Auditing" Guid="{54849625-5478-4994-a5ba-3e3b0328c30d}" />
    <EventID>4625</EventID>
    <Version>0</Version>
    <Level>0</Level>
    <Task>12544</Task>
    <Opcode>0</Opcode>
    <Keywords>0x8010000000000000</Keywords>
    <TimeCreated SystemTime="2026-03-22T13:51:52.4351402Z" />
    <EventRecordID>452641</EventRecordID>
    <Correlation ActivityID="{efa12ba3-b1a0-0002-702c-a1efa0b1dc01}" />
    <Execution ProcessID="1120" ThreadID="24748" />
    <Channel>Security</Channel>
    <Computer>MATHE</Computer>
    <Security />
  </System>
  <EventData>
    <Data Name="SubjectUserSid">S-1-5-21-4172443309-556398452-3907875598-1000</Data>
    <Data Name="SubjectUserName">BM SARL</Data>
    <Data Name="SubjectDomainName">MATHE</Data>
    <Data Name="SubjectLogonId">0xbc1d7</Data>
    <Data Name="TargetUserSid">S-1-0-0</Data>
    <Data Name="TargetUserName">FakeUser</Data>
    <Data Name="TargetDomainName">MATHE</Data>
    <Data Name="Status">0xc000006d</Data>
    <Data Name="FailureReason">%%2313</Data>
    <Data Name="SubStatus">0xc0000064</Data>
    <Data Name="LogonType">2</Data>
    <Data Name="LogonProcessName">seclogo</Data>
    <Data Name="AuthenticationPackageName">Negotiate</Data>
    <Data Name="WorkstationName">MATHE</Data>
    <Data Name="TransmittedServices">-</Data>
    <Data Name="LmPackageName">-</Data>
    <Data Name="KeyLength">0</Data>
    <Data Name="ProcessId">0x329c</Data>
    <Data Name="ProcessName">C:\Windows\System32\svchost.exe</Data>
    <Data Name="IpAddress">::1</Data>
    <Data Name="IpPort">0</Data>
  </EventData>
</Event>
Log Name:      Security
Source:        Microsoft-Windows-Security-Auditing
Date:          3/22/2026 2:51:41 PM
Event ID:      4625
Task Category: Logon
Level:         Information
Keywords:      Audit Failure
User:          N/A
Computer:      MATHE
Description:
An account failed to log on.

Subject:
	Security ID:		MATHE\BM SARL
	Account Name:		BM SARL
	Account Domain:		MATHE
	Logon ID:		0xBC1D7

Logon Type:			2

Account For Which Logon Failed:
	Security ID:		NULL SID
	Account Name:		FakeUser
	Account Domain:		MATHE

Failure Information:
	Failure Reason:		Unknown user name or bad password.
	Status:			0xC000006D
	Sub Status:		0xC0000064

Process Information:
	Caller Process ID:	0x329c
	Caller Process Name:	C:\Windows\System32\svchost.exe

Network Information:
	Workstation Name:	MATHE
	Source Network Address:	::1
	Source Port:		0

Detailed Authentication Information:
	Logon Process:		seclogo
	Authentication Package:	Negotiate
	Transited Services:	-
	Package Name (NTLM only):	-
	Key Length:		0

This event is generated when a logon request fails. It is generated on the computer where access was attempted.

The Subject fields indicate the account on the local system which requested the logon. This is most commonly a service such as the Server service, or a local process such as Winlogon.exe or Services.exe.

The Logon Type field indicates the kind of logon that was requested. The most common types are 2 (interactive) and 3 (network).

The Process Information fields indicate which account and process on the system requested the logon.

The Network Information fields indicate where a remote logon request originated. Workstation name is not always available and may be left blank in some cases.

The authentication information fields provide detailed information about this specific logon request.
	- Transited services indicate which intermediate services have participated in this logon request.
	- Package name indicates which sub-protocol was used among the NTLM protocols.
	- Key length indicates the length of the generated session key. This will be 0 if no session key was requested.
Event Xml:
<Event xmlns="http://schemas.microsoft.com/win/2004/08/events/event">
  <System>
    <Provider Name="Microsoft-Windows-Security-Auditing" Guid="{54849625-5478-4994-a5ba-3e3b0328c30d}" />
    <EventID>4625</EventID>
    <Version>0</Version>
    <Level>0</Level>
    <Task>12544</Task>
    <Opcode>0</Opcode>
    <Keywords>0x8010000000000000</Keywords>
    <TimeCreated SystemTime="2026-03-22T13:51:41.4243653Z" />
    <EventRecordID>452639</EventRecordID>
    <Correlation ActivityID="{efa12ba3-b1a0-0002-702c-a1efa0b1dc01}" />
    <Execution ProcessID="1120" ThreadID="26972" />
    <Channel>Security</Channel>
    <Computer>MATHE</Computer>
    <Security />
  </System>
  <EventData>
    <Data Name="SubjectUserSid">S-1-5-21-4172443309-556398452-3907875598-1000</Data>
    <Data Name="SubjectUserName">BM SARL</Data>
    <Data Name="SubjectDomainName">MATHE</Data>
    <Data Name="SubjectLogonId">0xbc1d7</Data>
    <Data Name="TargetUserSid">S-1-0-0</Data>
    <Data Name="TargetUserName">FakeUser</Data>
    <Data Name="TargetDomainName">MATHE</Data>
    <Data Name="Status">0xc000006d</Data>
    <Data Name="FailureReason">%%2313</Data>
    <Data Name="SubStatus">0xc0000064</Data>
    <Data Name="LogonType">2</Data>
    <Data Name="LogonProcessName">seclogo</Data>
    <Data Name="AuthenticationPackageName">Negotiate</Data>
    <Data Name="WorkstationName">MATHE</Data>
    <Data Name="TransmittedServices">-</Data>
    <Data Name="LmPackageName">-</Data>
    <Data Name="KeyLength">0</Data>
    <Data Name="ProcessId">0x329c</Data>
    <Data Name="ProcessName">C:\Windows\System32\svchost.exe</Data>
    <Data Name="IpAddress">::1</Data>
    <Data Name="IpPort">0</Data>
  </EventData>
</Event>
Log Name:      Security
Source:        Microsoft-Windows-Security-Auditing
Date:          3/22/2026 2:51:30 PM
Event ID:      4625
Task Category: Logon
Level:         Information
Keywords:      Audit Failure
User:          N/A
Computer:      MATHE
Description:
An account failed to log on.

Subject:
	Security ID:		MATHE\BM SARL
	Account Name:		BM SARL
	Account Domain:		MATHE
	Logon ID:		0xBC1D7

Logon Type:			2

Account For Which Logon Failed:
	Security ID:		NULL SID
	Account Name:		FakeUser
	Account Domain:		MATHE

Failure Information:
	Failure Reason:		Unknown user name or bad password.
	Status:			0xC000006D
	Sub Status:		0xC0000064

Process Information:
	Caller Process ID:	0x329c
	Caller Process Name:	C:\Windows\System32\svchost.exe

Network Information:
	Workstation Name:	MATHE
	Source Network Address:	::1
	Source Port:		0

Detailed Authentication Information:
	Logon Process:		seclogo
	Authentication Package:	Negotiate
	Transited Services:	-
	Package Name (NTLM only):	-
	Key Length:		0

This event is generated when a logon request fails. It is generated on the computer where access was attempted.

The Subject fields indicate the account on the local system which requested the logon. This is most commonly a service such as the Server service, or a local process such as Winlogon.exe or Services.exe.

The Logon Type field indicates the kind of logon that was requested. The most common types are 2 (interactive) and 3 (network).

The Process Information fields indicate which account and process on the system requested the logon.

The Network Information fields indicate where a remote logon request originated. Workstation name is not always available and may be left blank in some cases.

The authentication information fields provide detailed information about this specific logon request.
	- Transited services indicate which intermediate services have participated in this logon request.
	- Package name indicates which sub-protocol was used among the NTLM protocols.
	- Key length indicates the length of the generated session key. This will be 0 if no session key was requested.
Event Xml:
<Event xmlns="http://schemas.microsoft.com/win/2004/08/events/event">
  <System>
    <Provider Name="Microsoft-Windows-Security-Auditing" Guid="{54849625-5478-4994-a5ba-3e3b0328c30d}" />
    <EventID>4625</EventID>
    <Version>0</Version>
    <Level>0</Level>
    <Task>12544</Task>
    <Opcode>0</Opcode>
    <Keywords>0x8010000000000000</Keywords>
    <TimeCreated SystemTime="2026-03-22T13:51:30.2027164Z" />
    <EventRecordID>452637</EventRecordID>
    <Correlation ActivityID="{efa12ba3-b1a0-0002-702c-a1efa0b1dc01}" />
    <Execution ProcessID="1120" ThreadID="26972" />
    <Channel>Security</Channel>
    <Computer>MATHE</Computer>
    <Security />
  </System>
  <EventData>
    <Data Name="SubjectUserSid">S-1-5-21-4172443309-556398452-3907875598-1000</Data>
    <Data Name="SubjectUserName">BM SARL</Data>
    <Data Name="SubjectDomainName">MATHE</Data>
    <Data Name="SubjectLogonId">0xbc1d7</Data>
    <Data Name="TargetUserSid">S-1-0-0</Data>
    <Data Name="TargetUserName">FakeUser</Data>
    <Data Name="TargetDomainName">MATHE</Data>
    <Data Name="Status">0xc000006d</Data>
    <Data Name="FailureReason">%%2313</Data>
    <Data Name="SubStatus">0xc0000064</Data>
    <Data Name="LogonType">2</Data>
    <Data Name="LogonProcessName">seclogo</Data>
    <Data Name="AuthenticationPackageName">Negotiate</Data>
    <Data Name="WorkstationName">MATHE</Data>
    <Data Name="TransmittedServices">-</Data>
    <Data Name="LmPackageName">-</Data>
    <Data Name="KeyLength">0</Data>
    <Data Name="ProcessId">0x329c</Data>
    <Data Name="ProcessName">C:\Windows\System32\svchost.exe</Data>
    <Data Name="IpAddress">::1</Data>
    <Data Name="IpPort">0</Data>
  </EventData>
</Event>
Log Name:      Security
Source:        Microsoft-Windows-Security-Auditing
Date:          3/22/2026 2:51:24 PM
Event ID:      4625
Task Category: Logon
Level:         Information
Keywords:      Audit Failure
User:          N/A
Computer:      MATHE
Description:
An account failed to log on.

Subject:
	Security ID:		MATHE\BM SARL
	Account Name:		BM SARL
	Account Domain:		MATHE
	Logon ID:		0xBC1D7

Logon Type:			2

Account For Which Logon Failed:
	Security ID:		NULL SID
	Account Name:		FakeUser
	Account Domain:		MATHE

Failure Information:
	Failure Reason:		Unknown user name or bad password.
	Status:			0xC000006D
	Sub Status:		0xC0000064

Process Information:
	Caller Process ID:	0x329c
	Caller Process Name:	C:\Windows\System32\svchost.exe

Network Information:
	Workstation Name:	MATHE
	Source Network Address:	::1
	Source Port:		0

Detailed Authentication Information:
	Logon Process:		seclogo
	Authentication Package:	Negotiate
	Transited Services:	-
	Package Name (NTLM only):	-
	Key Length:		0

This event is generated when a logon request fails. It is generated on the computer where access was attempted.

The Subject fields indicate the account on the local system which requested the logon. This is most commonly a service such as the Server service, or a local process such as Winlogon.exe or Services.exe.

The Logon Type field indicates the kind of logon that was requested. The most common types are 2 (interactive) and 3 (network).

The Process Information fields indicate which account and process on the system requested the logon.

The Network Information fields indicate where a remote logon request originated. Workstation name is not always available and may be left blank in some cases.

The authentication information fields provide detailed information about this specific logon request.
	- Transited services indicate which intermediate services have participated in this logon request.
	- Package name indicates which sub-protocol was used among the NTLM protocols.
	- Key length indicates the length of the generated session key. This will be 0 if no session key was requested.
Event Xml:
<Event xmlns="http://schemas.microsoft.com/win/2004/08/events/event">
  <System>
    <Provider Name="Microsoft-Windows-Security-Auditing" Guid="{54849625-5478-4994-a5ba-3e3b0328c30d}" />
    <EventID>4625</EventID>
    <Version>0</Version>
    <Level>0</Level>
    <Task>12544</Task>
    <Opcode>0</Opcode>
    <Keywords>0x8010000000000000</Keywords>
    <TimeCreated SystemTime="2026-03-22T13:51:24.2446630Z" />
    <EventRecordID>452635</EventRecordID>
    <Correlation ActivityID="{efa12ba3-b1a0-0002-702c-a1efa0b1dc01}" />
    <Execution ProcessID="1120" ThreadID="26972" />
    <Channel>Security</Channel>
    <Computer>MATHE</Computer>
    <Security />
  </System>
  <EventData>
    <Data Name="SubjectUserSid">S-1-5-21-4172443309-556398452-3907875598-1000</Data>
    <Data Name="SubjectUserName">BM SARL</Data>
    <Data Name="SubjectDomainName">MATHE</Data>
    <Data Name="SubjectLogonId">0xbc1d7</Data>
    <Data Name="TargetUserSid">S-1-0-0</Data>
    <Data Name="TargetUserName">FakeUser</Data>
    <Data Name="TargetDomainName">MATHE</Data>
    <Data Name="Status">0xc000006d</Data>
    <Data Name="FailureReason">%%2313</Data>
    <Data Name="SubStatus">0xc0000064</Data>
    <Data Name="LogonType">2</Data>
    <Data Name="LogonProcessName">seclogo</Data>
    <Data Name="AuthenticationPackageName">Negotiate</Data>
    <Data Name="WorkstationName">MATHE</Data>
    <Data Name="TransmittedServices">-</Data>
    <Data Name="LmPackageName">-</Data>
    <Data Name="KeyLength">0</Data>
    <Data Name="ProcessId">0x329c</Data>
    <Data Name="ProcessName">C:\Windows\System32\svchost.exe</Data>
    <Data Name="IpAddress">::1</Data>
    <Data Name="IpPort">0</Data>
  </EventData>
</Event>
Log Name:      Security
Source:        Microsoft-Windows-Security-Auditing
Date:          3/22/2026 2:51:18 PM
Event ID:      4625
Task Category: Logon
Level:         Information
Keywords:      Audit Failure
User:          N/A
Computer:      MATHE
Description:
An account failed to log on.

Subject:
	Security ID:		MATHE\BM SARL
	Account Name:		BM SARL
	Account Domain:		MATHE
	Logon ID:		0xBC1D7

Logon Type:			2

Account For Which Logon Failed:
	Security ID:		NULL SID
	Account Name:		FakeUser
	Account Domain:		MATHE

Failure Information:
	Failure Reason:		Unknown user name or bad password.
	Status:			0xC000006D
	Sub Status:		0xC0000064

Process Information:
	Caller Process ID:	0x329c
	Caller Process Name:	C:\Windows\System32\svchost.exe

Network Information:
	Workstation Name:	MATHE
	Source Network Address:	::1
	Source Port:		0

Detailed Authentication Information:
	Logon Process:		seclogo
	Authentication Package:	Negotiate
	Transited Services:	-
	Package Name (NTLM only):	-
	Key Length:		0

This event is generated when a logon request fails. It is generated on the computer where access was attempted.

The Subject fields indicate the account on the local system which requested the logon. This is most commonly a service such as the Server service, or a local process such as Winlogon.exe or Services.exe.

The Logon Type field indicates the kind of logon that was requested. The most common types are 2 (interactive) and 3 (network).

The Process Information fields indicate which account and process on the system requested the logon.

The Network Information fields indicate where a remote logon request originated. Workstation name is not always available and may be left blank in some cases.

The authentication information fields provide detailed information about this specific logon request.
	- Transited services indicate which intermediate services have participated in this logon request.
	- Package name indicates which sub-protocol was used among the NTLM protocols.
	- Key length indicates the length of the generated session key. This will be 0 if no session key was requested.
Event Xml:
<Event xmlns="http://schemas.microsoft.com/win/2004/08/events/event">
  <System>
    <Provider Name="Microsoft-Windows-Security-Auditing" Guid="{54849625-5478-4994-a5ba-3e3b0328c30d}" />
    <EventID>4625</EventID>
    <Version>0</Version>
    <Level>0</Level>
    <Task>12544</Task>
    <Opcode>0</Opcode>
    <Keywords>0x8010000000000000</Keywords>
    <TimeCreated SystemTime="2026-03-22T13:51:18.1705365Z" />
    <EventRecordID>452633</EventRecordID>
    <Correlation ActivityID="{efa12ba3-b1a0-0002-702c-a1efa0b1dc01}" />
    <Execution ProcessID="1120" ThreadID="24748" />
    <Channel>Security</Channel>
    <Computer>MATHE</Computer>
    <Security />
  </System>
  <EventData>
    <Data Name="SubjectUserSid">S-1-5-21-4172443309-556398452-3907875598-1000</Data>
    <Data Name="SubjectUserName">BM SARL</Data>
    <Data Name="SubjectDomainName">MATHE</Data>
    <Data Name="SubjectLogonId">0xbc1d7</Data>
    <Data Name="TargetUserSid">S-1-0-0</Data>
    <Data Name="TargetUserName">FakeUser</Data>
    <Data Name="TargetDomainName">MATHE</Data>
    <Data Name="Status">0xc000006d</Data>
    <Data Name="FailureReason">%%2313</Data>
    <Data Name="SubStatus">0xc0000064</Data>
    <Data Name="LogonType">2</Data>
    <Data Name="LogonProcessName">seclogo</Data>
    <Data Name="AuthenticationPackageName">Negotiate</Data>
    <Data Name="WorkstationName">MATHE</Data>
    <Data Name="TransmittedServices">-</Data>
    <Data Name="LmPackageName">-</Data>
    <Data Name="KeyLength">0</Data>
    <Data Name="ProcessId">0x329c</Data>
    <Data Name="ProcessName">C:\Windows\System32\svchost.exe</Data>
    <Data Name="IpAddress">::1</Data>
    <Data Name="IpPort">0</Data>
  </EventData>
</Event>
Log Name:      Security
Source:        Microsoft-Windows-Security-Auditing
Date:          3/22/2026 2:51:13 PM
Event ID:      4625
Task Category: Logon
Level:         Information
Keywords:      Audit Failure
User:          N/A
Computer:      MATHE
Description:
An account failed to log on.

Subject:
	Security ID:		MATHE\BM SARL
	Account Name:		BM SARL
	Account Domain:		MATHE
	Logon ID:		0xBC1D7

Logon Type:			2

Account For Which Logon Failed:
	Security ID:		NULL SID
	Account Name:		FakeUser
	Account Domain:		MATHE

Failure Information:
	Failure Reason:		Unknown user name or bad password.
	Status:			0xC000006D
	Sub Status:		0xC0000064

Process Information:
	Caller Process ID:	0x329c
	Caller Process Name:	C:\Windows\System32\svchost.exe

Network Information:
	Workstation Name:	MATHE
	Source Network Address:	::1
	Source Port:		0

Detailed Authentication Information:
	Logon Process:		seclogo
	Authentication Package:	Negotiate
	Transited Services:	-
	Package Name (NTLM only):	-
	Key Length:		0

This event is generated when a logon request fails. It is generated on the computer where access was attempted.

The Subject fields indicate the account on the local system which requested the logon. This is most commonly a service such as the Server service, or a local process such as Winlogon.exe or Services.exe.

The Logon Type field indicates the kind of logon that was requested. The most common types are 2 (interactive) and 3 (network).

The Process Information fields indicate which account and process on the system requested the logon.

The Network Information fields indicate where a remote logon request originated. Workstation name is not always available and may be left blank in some cases.

The authentication information fields provide detailed information about this specific logon request.
	- Transited services indicate which intermediate services have participated in this logon request.
	- Package name indicates which sub-protocol was used among the NTLM protocols.
	- Key length indicates the length of the generated session key. This will be 0 if no session key was requested.
Event Xml:
<Event xmlns="http://schemas.microsoft.com/win/2004/08/events/event">
  <System>
    <Provider Name="Microsoft-Windows-Security-Auditing" Guid="{54849625-5478-4994-a5ba-3e3b0328c30d}" />
    <EventID>4625</EventID>
    <Version>0</Version>
    <Level>0</Level>
    <Task>12544</Task>
    <Opcode>0</Opcode>
    <Keywords>0x8010000000000000</Keywords>
    <TimeCreated SystemTime="2026-03-22T13:51:13.2065262Z" />
    <EventRecordID>452631</EventRecordID>
    <Correlation ActivityID="{efa12ba3-b1a0-0002-702c-a1efa0b1dc01}" />
    <Execution ProcessID="1120" ThreadID="24748" />
    <Channel>Security</Channel>
    <Computer>MATHE</Computer>
    <Security />
  </System>
  <EventData>
    <Data Name="SubjectUserSid">S-1-5-21-4172443309-556398452-3907875598-1000</Data>
    <Data Name="SubjectUserName">BM SARL</Data>
    <Data Name="SubjectDomainName">MATHE</Data>
    <Data Name="SubjectLogonId">0xbc1d7</Data>
    <Data Name="TargetUserSid">S-1-0-0</Data>
    <Data Name="TargetUserName">FakeUser</Data>
    <Data Name="TargetDomainName">MATHE</Data>
    <Data Name="Status">0xc000006d</Data>
    <Data Name="FailureReason">%%2313</Data>
    <Data Name="SubStatus">0xc0000064</Data>
    <Data Name="LogonType">2</Data>
    <Data Name="LogonProcessName">seclogo</Data>
    <Data Name="AuthenticationPackageName">Negotiate</Data>
    <Data Name="WorkstationName">MATHE</Data>
    <Data Name="TransmittedServices">-</Data>
    <Data Name="LmPackageName">-</Data>
    <Data Name="KeyLength">0</Data>
    <Data Name="ProcessId">0x329c</Data>
    <Data Name="ProcessName">C:\Windows\System32\svchost.exe</Data>
    <Data Name="IpAddress">::1</Data>
    <Data Name="IpPort">0</Data>
  </EventData>
</Event>
Log Name:      Security
Source:        Microsoft-Windows-Security-Auditing
Date:          3/22/2026 2:51:02 PM
Event ID:      4625
Task Category: Logon
Level:         Information
Keywords:      Audit Failure
User:          N/A
Computer:      MATHE
Description:
An account failed to log on.

Subject:
	Security ID:		MATHE\BM SARL
	Account Name:		BM SARL
	Account Domain:		MATHE
	Logon ID:		0xBC1D7

Logon Type:			2

Account For Which Logon Failed:
	Security ID:		NULL SID
	Account Name:		FakeUser
	Account Domain:		MATHE

Failure Information:
	Failure Reason:		Unknown user name or bad password.
	Status:			0xC000006D
	Sub Status:		0xC0000064

Process Information:
	Caller Process ID:	0x329c
	Caller Process Name:	C:\Windows\System32\svchost.exe

Network Information:
	Workstation Name:	MATHE
	Source Network Address:	::1
	Source Port:		0

Detailed Authentication Information:
	Logon Process:		seclogo
	Authentication Package:	Negotiate
	Transited Services:	-
	Package Name (NTLM only):	-
	Key Length:		0

This event is generated when a logon request fails. It is generated on the computer where access was attempted.

The Subject fields indicate the account on the local system which requested the logon. This is most commonly a service such as the Server service, or a local process such as Winlogon.exe or Services.exe.

The Logon Type field indicates the kind of logon that was requested. The most common types are 2 (interactive) and 3 (network).

The Process Information fields indicate which account and process on the system requested the logon.

The Network Information fields indicate where a remote logon request originated. Workstation name is not always available and may be left blank in some cases.

The authentication information fields provide detailed information about this specific logon request.
	- Transited services indicate which intermediate services have participated in this logon request.
	- Package name indicates which sub-protocol was used among the NTLM protocols.
	- Key length indicates the length of the generated session key. This will be 0 if no session key was requested.
Event Xml:
<Event xmlns="http://schemas.microsoft.com/win/2004/08/events/event">
  <System>
    <Provider Name="Microsoft-Windows-Security-Auditing" Guid="{54849625-5478-4994-a5ba-3e3b0328c30d}" />
    <EventID>4625</EventID>
    <Version>0</Version>
    <Level>0</Level>
    <Task>12544</Task>
    <Opcode>0</Opcode>
    <Keywords>0x8010000000000000</Keywords>
    <TimeCreated SystemTime="2026-03-22T13:51:02.0813652Z" />
    <EventRecordID>452629</EventRecordID>
    <Correlation ActivityID="{efa12ba3-b1a0-0002-702c-a1efa0b1dc01}" />
    <Execution ProcessID="1120" ThreadID="24748" />
    <Channel>Security</Channel>
    <Computer>MATHE</Computer>
    <Security />
  </System>
  <EventData>
    <Data Name="SubjectUserSid">S-1-5-21-4172443309-556398452-3907875598-1000</Data>
    <Data Name="SubjectUserName">BM SARL</Data>
    <Data Name="SubjectDomainName">MATHE</Data>
    <Data Name="SubjectLogonId">0xbc1d7</Data>
    <Data Name="TargetUserSid">S-1-0-0</Data>
    <Data Name="TargetUserName">FakeUser</Data>
    <Data Name="TargetDomainName">MATHE</Data>
    <Data Name="Status">0xc000006d</Data>
    <Data Name="FailureReason">%%2313</Data>
    <Data Name="SubStatus">0xc0000064</Data>
    <Data Name="LogonType">2</Data>
    <Data Name="LogonProcessName">seclogo</Data>
    <Data Name="AuthenticationPackageName">Negotiate</Data>
    <Data Name="WorkstationName">MATHE</Data>
    <Data Name="TransmittedServices">-</Data>
    <Data Name="LmPackageName">-</Data>
    <Data Name="KeyLength">0</Data>
    <Data Name="ProcessId">0x329c</Data>
    <Data Name="ProcessName">C:\Windows\System32\svchost.exe</Data>
    <Data Name="IpAddress">::1</Data>
    <Data Name="IpPort">0</Data>
  </EventData>
</Event>
Log Name:      Security
Source:        Microsoft-Windows-Security-Auditing
Date:          3/22/2026 2:50:48 PM
Event ID:      4625
Task Category: Logon
Level:         Information
Keywords:      Audit Failure
User:          N/A
Computer:      MATHE
Description:
An account failed to log on.

Subject:
	Security ID:		MATHE\BM SARL
	Account Name:		BM SARL
	Account Domain:		MATHE
	Logon ID:		0xBC1D7

Logon Type:			2

Account For Which Logon Failed:
	Security ID:		NULL SID
	Account Name:		FakeUser
	Account Domain:		MATHE

Failure Information:
	Failure Reason:		Unknown user name or bad password.
	Status:			0xC000006D
	Sub Status:		0xC0000064

Process Information:
	Caller Process ID:	0x329c
	Caller Process Name:	C:\Windows\System32\svchost.exe

Network Information:
	Workstation Name:	MATHE
	Source Network Address:	::1
	Source Port:		0

Detailed Authentication Information:
	Logon Process:		seclogo
	Authentication Package:	Negotiate
	Transited Services:	-
	Package Name (NTLM only):	-
	Key Length:		0

This event is generated when a logon request fails. It is generated on the computer where access was attempted.

The Subject fields indicate the account on the local system which requested the logon. This is most commonly a service such as the Server service, or a local process such as Winlogon.exe or Services.exe.

The Logon Type field indicates the kind of logon that was requested. The most common types are 2 (interactive) and 3 (network).

The Process Information fields indicate which account and process on the system requested the logon.

The Network Information fields indicate where a remote logon request originated. Workstation name is not always available and may be left blank in some cases.

The authentication information fields provide detailed information about this specific logon request.
	- Transited services indicate which intermediate services have participated in this logon request.
	- Package name indicates which sub-protocol was used among the NTLM protocols.
	- Key length indicates the length of the generated session key. This will be 0 if no session key was requested.
Event Xml:
<Event xmlns="http://schemas.microsoft.com/win/2004/08/events/event">
  <System>
    <Provider Name="Microsoft-Windows-Security-Auditing" Guid="{54849625-5478-4994-a5ba-3e3b0328c30d}" />
    <EventID>4625</EventID>
    <Version>0</Version>
    <Level>0</Level>
    <Task>12544</Task>
    <Opcode>0</Opcode>
    <Keywords>0x8010000000000000</Keywords>
    <TimeCreated SystemTime="2026-03-22T13:50:48.3512742Z" />
    <EventRecordID>452627</EventRecordID>
    <Correlation ActivityID="{efa12ba3-b1a0-0002-702c-a1efa0b1dc01}" />
    <Execution ProcessID="1120" ThreadID="1212" />
    <Channel>Security</Channel>
    <Computer>MATHE</Computer>
    <Security />
  </System>
  <EventData>
    <Data Name="SubjectUserSid">S-1-5-21-4172443309-556398452-3907875598-1000</Data>
    <Data Name="SubjectUserName">BM SARL</Data>
    <Data Name="SubjectDomainName">MATHE</Data>
    <Data Name="SubjectLogonId">0xbc1d7</Data>
    <Data Name="TargetUserSid">S-1-0-0</Data>
    <Data Name="TargetUserName">FakeUser</Data>
    <Data Name="TargetDomainName">MATHE</Data>
    <Data Name="Status">0xc000006d</Data>
    <Data Name="FailureReason">%%2313</Data>
    <Data Name="SubStatus">0xc0000064</Data>
    <Data Name="LogonType">2</Data>
    <Data Name="LogonProcessName">seclogo</Data>
    <Data Name="AuthenticationPackageName">Negotiate</Data>
    <Data Name="WorkstationName">MATHE</Data>
    <Data Name="TransmittedServices">-</Data>
    <Data Name="LmPackageName">-</Data>
    <Data Name="KeyLength">0</Data>
    <Data Name="ProcessId">0x329c</Data>
    <Data Name="ProcessName">C:\Windows\System32\svchost.exe</Data>
    <Data Name="IpAddress">::1</Data>
    <Data Name="IpPort">0</Data>
  </EventData>
</Event>